<?xml version="1.0" encoding="UTF-8"?>
<testsuite name="com.example.capstone.core.utils.DataMapperTest" tests="3" skipped="0" failures="0" errors="0" timestamp="2026-08-31T17:41:46" hostname="Mac" time="0.002">
  <properties/>
  <testcase name="mapResponsesToEntities_returnsCorrectMapping" classname="com.example.capstone.core.utils.DataMapperTest" time="0.001"/>
  <testcase name="mapDetailResponseToEntity_returnsCorrectMapping" classname="com.example.capstone.core.utils.DataMapperTest" time="0.001"/>
  <testcase name="mapEntitiesToDomain_and_mapDomainToEntity_areSymmetric" classname="com.example.capstone.core.utils.DataMapperTest" time="0.0"/>
  <system-out><![CDATA[]]></system-out>
  <system-err><![CDATA[]]></system-err>
</testsuite>
